<?xml version="1.0" encoding="UTF-8"?>
<!-- Generated by org.testng.reporters.JUnitReportReporter -->
<testsuite hostname="DESKTOP-R27MCUN" name="com.cdl.automator.XMLValidatorTest" tests="1" failures="0" timestamp="15 Apr 2018 16:05:52 GMT" time="0.034" errors="0">
  <testcase name="test" time="0.034" classname="com.cdl.automator.XMLValidatorTest"/>
</testsuite> <!-- com.cdl.automator.XMLValidatorTest -->
