<?xml version="1.0" encoding="UTF-8"?>
<!-- Generated by org.testng.reporters.JUnitReportReporter -->
<testsuite hostname="DESKTOP-R27MCUN" name="com.cdl.automator.XMLValidator" tests="1" failures="0" timestamp="15 Apr 2018 02:45:49 GMT" time="0.070" errors="0">
  <testcase name="xmlTest" time="0.070" classname="com.cdl.automator.XMLValidator"/>
</testsuite> <!-- com.cdl.automator.XMLValidator -->
